{
  "RSpec": {
    "coverage": {
      "/home/willow/tic-tac-toe-rb-ruby-intro-000/lib/tic_tac_toe.rb": [
        1,
        null,
        1,
        21,
        21,
        21,
        21,
        21,
        null,
        null,
        1,
        23,
        null,
        null,
        1,
        22,
        null,
        null,
        1,
        23,
        null,
        null,
        1,
        20,
        20,
        20,
        20,
        19,
        19,
        null,
        1,
        null,
        null,
        null,
        null,
        1,
        0,
        0,
        0,
        0,
        null,
        null,
        null,
        null,
        1,
        12,
        17,
        null,
        12,
        5,
        5,
        null,
        7,
        7,
        null,
        null,
        null,
        null,
        1,
        21,
        21,
        189,
        31,
        null,
        null,
        21,
        null,
        null,
        null,
        1,
        20,
        14,
        null,
        6,
        null,
        null,
        null,
        null,
        1,
        174,
        null,
        null,
        null,
        null,
        1,
        null,
        null,
        null,
        null,
        null,
        null,
        null,
        null,
        null,
        1,
        70,
        422,
        422,
        422,
        null,
        422,
        422,
        422,
        null,
        null,
        422,
        34,
        null,
        null,
        36,
        null,
        null,
        1,
        274,
        null,
        null,
        null,
        1,
        null,
        20,
        14,
        6,
        4,
        null,
        0,
        0,
        0,
        0,
        null,
        0,
        0,
        null,
        null,
        null,
        null,
        2,
        21,
        10,
        null,
        null,
        null,
        2,
        12,
        11,
        null,
        null,
        null
      ]
    },
    "timestamp": 1606439474
  }
}
